\BOOKMARK [1][-]{section.1}{\376\377\000S\000u\000m\000m\000a\000r\000y\000\040\000o\000f\000\040\000R\000e\000q\000u\000i\000r\000e\000m\000e\000n\000t\000s}{}% 1
\BOOKMARK [1][-]{section.2}{\376\377\000U\000s\000e\000r\000\040\000I\000n\000t\000e\000r\000f\000a\000c\000e\000\040\000D\000e\000s\000i\000g\000n}{}% 2
\BOOKMARK [2][-]{subsection.2.1}{\376\377\000H\000o\000m\000e\000\040\000S\000c\000r\000e\000e\000n}{section.2}% 3
\BOOKMARK [2][-]{subsection.2.2}{\376\377\000C\000a\000t\000e\000g\000o\000r\000y\000\040\000D\000r\000a\000w\000e\000r\000\040\000\050\000H\000a\000m\000b\000u\000r\000g\000e\000r\000\040\000/\000\040\000D\000e\000s\000k\000t\000o\000p\000\040\040\034\000C\000a\000t\000e\000g\000o\000r\000i\000e\000s\040\035\000\051}{section.2}% 4
\BOOKMARK [2][-]{subsection.2.3}{\376\377\000P\000r\000o\000d\000u\000c\000t\000\040\000L\000i\000s\000t\000\040\000S\000c\000r\000e\000e\000n}{section.2}% 5
\BOOKMARK [2][-]{subsection.2.4}{\376\377\000S\000h\000o\000p\000p\000i\000n\000g\000\040\000C\000a\000r\000t}{section.2}% 6
\BOOKMARK [2][-]{subsection.2.5}{\376\377\000L\000o\000g\000i\000n\000\040\000\046\000\040\000R\000e\000g\000i\000s\000t\000r\000a\000t\000i\000o\000n}{section.2}% 7
\BOOKMARK [2][-]{subsection.2.6}{\376\377\000A\000c\000c\000o\000u\000n\000t\000\040\000R\000e\000g\000i\000s\000t\000r\000a\000t\000i\000o\000n}{section.2}% 8
\BOOKMARK [1][-]{section.3}{\376\377\000A\000d\000m\000i\000n\000\040\000D\000e\000s\000i\000g\000n}{}% 9
\BOOKMARK [2][-]{subsection.3.1}{\376\377\000A\000d\000m\000i\000n\000\040\000A\000r\000c\000h\000i\000t\000e\000c\000t\000u\000r\000e}{section.3}% 10
\BOOKMARK [2][-]{subsection.3.2}{\376\377\000O\000v\000e\000r\000v\000i\000e\000w\000\040\000P\000a\000g\000e}{section.3}% 11
\BOOKMARK [2][-]{subsection.3.3}{\376\377\000P\000r\000o\000d\000u\000c\000t\000\040\000P\000a\000g\000e}{section.3}% 12
\BOOKMARK [2][-]{subsection.3.4}{\376\377\000C\000u\000s\000t\000o\000m\000e\000r\000s\000\040\000P\000a\000g\000e}{section.3}% 13
\BOOKMARK [2][-]{subsection.3.5}{\376\377\000A\000c\000c\000o\000u\000n\000t\000\040\000P\000a\000g\000e}{section.3}% 14
\BOOKMARK [2][-]{subsection.3.6}{\376\377\000S\000e\000t\000t\000i\000n\000g\000s}{section.3}% 15
\BOOKMARK [1][-]{section.4}{\376\377\000F\000l\000o\000w\000C\000h\000a\000r\000t}{}% 16
\BOOKMARK [1][-]{section.5}{\376\377\000F\000i\000g\000m\000a\000\040\000L\000i\000n\000k\000s}{}% 17
\BOOKMARK [1][-]{section.6}{\376\377\000D\000e\000s\000i\000g\000n\000\040\000D\000e\000c\000i\000s\000i\000o\000n\000s\000\040\000\046\000\040\000R\000a\000t\000i\000o\000n\000a\000l\000e}{}% 18
\BOOKMARK [2][-]{subsection.6.1}{\376\377\000L\000a\000y\000o\000u\000t}{section.6}% 19
\BOOKMARK [2][-]{subsection.6.2}{\376\377\000I\000n\000t\000e\000r\000a\000c\000t\000i\000o\000n\000\040\000P\000a\000t\000t\000e\000r\000n\000s}{section.6}% 20
\BOOKMARK [2][-]{subsection.6.3}{\376\377\000C\000o\000l\000o\000r\000s}{section.6}% 21
\BOOKMARK [2][-]{subsection.6.4}{\376\377\000T\000y\000p\000o\000g\000r\000a\000p\000h\000y}{section.6}% 22
\BOOKMARK [2][-]{subsection.6.5}{\376\377\000A\000c\000c\000e\000s\000s\000i\000b\000i\000l\000i\000t\000y}{section.6}% 23
\BOOKMARK [1][-]{section.7}{\376\377\000A\000c\000k\000n\000o\000w\000l\000e\000d\000g\000m\000e\000n\000t\000\040\000o\000f\000\040\000A\000I\000\040\000T\000e\000c\000h\000n\000o\000l\000o\000g\000i\000e\000s}{}% 24
